<?xml version="1.0" encoding="utf-8"?><testsuites name="pytest tests"><testsuite name="pytest" errors="0" failures="1" skipped="0" tests="18" time="48.022" timestamp="2026-06-24T16:41:47.477447+00:00" hostname="agent-env-309b85cd-19f3-43b5-b29e-5be2b1d930a4"><testcase classname="tests.test_dispatch" name="test_driver_table_schema" time="0.452" /><testcase classname="tests.test_dispatch" name="test_delivery_table_schema" time="0.358" /><testcase classname="tests.test_dispatch" name="test_orders_dispatch_columns" time="0.362" /><testcase classname="tests.test_dispatch" name="test_driver_location_creates_row" time="1.535" /><testcase classname="tests.test_dispatch" name="test_driver_availability_toggle" time="2.590" /><testcase classname="tests.test_dispatch" name="test_driver_active_returns_orders" time="4.067" /><testcase classname="tests.test_dispatch" name="test_driver_endpoints_require_delivery_role" time="0.286" /><testcase classname="tests.test_dispatch" name="test_driver_endpoints_unauth" time="0.131" /><testcase classname="tests.test_dispatch" name="test_dispatch_trigger_requires_admin" time="0.269" /><testcase classname="tests.test_dispatch" name="test_dispatch_trigger_unauth" time="0.093" /><testcase classname="tests.test_dispatch" name="test_dispatch_internal_assignment" time="5.370" /><testcase classname="tests.test_dispatch" name="test_dispatch_idempotent" time="3.772" /><testcase classname="tests.test_dispatch" name="test_dispatch_guards_unpaid" time="0.918" /><testcase classname="tests.test_dispatch" name="test_dispatch_uber_fallback" time="3.605"><failure message="AssertionError: assert 'create_failed' == 'pending_credentials'&#10;  &#10;  - pending_credentials&#10;  + create_failed">tests/test_dispatch.py:317: in test_dispatch_uber_fallback
    assert d["status"] == "pending_credentials"
E   AssertionError: assert 'create_failed' == 'pending_credentials'
E     
E     - pending_credentials
E     + create_failed</failure></testcase><testcase classname="tests.test_dispatch" name="test_order_tracking_customer_access" time="3.207" /><testcase classname="tests.test_dispatch" name="test_order_tracking_forbidden_for_other_customer" time="2.865" /><testcase classname="tests.test_dispatch" name="test_order_tracking_admin_access" time="2.346" /><testcase classname="tests.test_dispatch" name="test_order_tracking_unauth" time="15.698" /></testsuite></testsuites>