<?xml version="1.0" encoding="utf-8"?><testsuites name="pytest tests"><testsuite name="pytest" errors="0" failures="0" skipped="0" tests="18" time="74.922" timestamp="2026-06-24T15:53:30.061805+00:00" hostname="agent-env-309b85cd-19f3-43b5-b29e-5be2b1d930a4"><testcase classname="backend.tests.test_dispatch" name="test_driver_table_schema" time="0.373" /><testcase classname="backend.tests.test_dispatch" name="test_delivery_table_schema" time="0.382" /><testcase classname="backend.tests.test_dispatch" name="test_orders_dispatch_columns" time="0.394" /><testcase classname="backend.tests.test_dispatch" name="test_driver_location_creates_row" time="1.816" /><testcase classname="backend.tests.test_dispatch" name="test_driver_availability_toggle" time="2.318" /><testcase classname="backend.tests.test_dispatch" name="test_driver_active_returns_orders" time="4.047" /><testcase classname="backend.tests.test_dispatch" name="test_driver_endpoints_require_delivery_role" time="0.261" /><testcase classname="backend.tests.test_dispatch" name="test_driver_endpoints_unauth" time="0.120" /><testcase classname="backend.tests.test_dispatch" name="test_dispatch_trigger_requires_admin" time="0.260" /><testcase classname="backend.tests.test_dispatch" name="test_dispatch_trigger_unauth" time="0.134" /><testcase classname="backend.tests.test_dispatch" name="test_dispatch_internal_assignment" time="4.392" /><testcase classname="backend.tests.test_dispatch" name="test_dispatch_idempotent" time="3.161" /><testcase classname="backend.tests.test_dispatch" name="test_dispatch_guards_unpaid" time="0.834" /><testcase classname="backend.tests.test_dispatch" name="test_dispatch_uber_fallback" time="2.501" /><testcase classname="backend.tests.test_dispatch" name="test_order_tracking_customer_access" time="1.763" /><testcase classname="backend.tests.test_dispatch" name="test_order_tracking_forbidden_for_other_customer" time="2.312" /><testcase classname="backend.tests.test_dispatch" name="test_order_tracking_admin_access" time="1.661" /><testcase classname="backend.tests.test_dispatch" name="test_order_tracking_unauth" time="48.090" /></testsuite></testsuites>