<?xml version="1.0" encoding="utf-8"?><testsuites name="pytest tests"><testsuite name="pytest" errors="0" failures="0" skipped="0" tests="14" time="17.819" timestamp="2026-06-24T16:40:46.210176+00:00" hostname="agent-env-309b85cd-19f3-43b5-b29e-5be2b1d930a4"><testcase classname="tests.test_p0_rls_geocode_tracking" name="test_supabase_anon_blocked_by_rls[orders]" time="0.554" /><testcase classname="tests.test_p0_rls_geocode_tracking" name="test_supabase_anon_blocked_by_rls[deliveries]" time="0.335" /><testcase classname="tests.test_p0_rls_geocode_tracking" name="test_supabase_anon_blocked_by_rls[drivers]" time="0.156" /><testcase classname="tests.test_p0_rls_geocode_tracking" name="test_supabase_anon_blocked_by_rls[restaurants]" time="0.166" /><testcase classname="tests.test_p0_rls_geocode_tracking" name="test_supabase_anon_blocked_by_rls[users]" time="0.240" /><testcase classname="tests.test_p0_rls_geocode_tracking" name="test_supabase_anon_blocked_by_rls[payment_transactions]" time="0.143" /><testcase classname="tests.test_p0_rls_geocode_tracking" name="test_restaurants_list_still_works" time="0.369" /><testcase classname="tests.test_p0_rls_geocode_tracking" name="test_admin_metrics_still_works" time="1.424" /><testcase classname="tests.test_p0_rls_geocode_tracking" name="test_vendor_restaurant_geocoded_real_address" time="2.543" /><testcase classname="tests.test_p0_rls_geocode_tracking" name="test_vendor_restaurant_geocoded_unresolvable" time="3.564" /><testcase classname="tests.test_p0_rls_geocode_tracking" name="test_tracking_shape" time="4.075" /><testcase classname="tests.test_p0_rls_geocode_tracking" name="test_tracking_unauth" time="0.132" /><testcase classname="tests.test_p0_rls_geocode_tracking" name="test_tracking_forbidden_for_other_customer" time="1.203" /><testcase classname="tests.test_p0_rls_geocode_tracking" name="test_driver_heartbeat_and_active" time="2.777" /></testsuite></testsuites>