<?xml version="1.0" encoding="utf-8"?><testsuites name="pytest tests"><testsuite name="pytest" errors="0" failures="1" skipped="0" tests="18" time="9.606" timestamp="2026-04-25T17:37:50.286206+00:00" hostname="agent-env-309b85cd-19f3-43b5-b29e-5be2b1d930a4"><testcase classname="backend.tests.backend_test" name="test_health" time="0.189" /><testcase classname="backend.tests.backend_test" name="test_list_restaurants_seeded" time="0.144" /><testcase classname="backend.tests.backend_test" name="test_search_sushi" time="0.143" /><testcase classname="backend.tests.backend_test" name="test_get_restaurant_with_menu" time="0.219" /><testcase classname="backend.tests.backend_test" name="test_auth_me_unauth" time="0.104" /><testcase classname="backend.tests.backend_test" name="test_auth_me_with_token" time="0.117" /><testcase classname="backend.tests.backend_test" name="test_role_switch_to_vendor_then_back" time="0.217" /><testcase classname="backend.tests.backend_test" name="test_admin_role_cannot_be_changed" time="0.111" /><testcase classname="backend.tests.backend_test" name="test_order_created_correctly" time="0.390" /><testcase classname="backend.tests.backend_test" name="test_orders_my" time="0.130" /><testcase classname="backend.tests.backend_test" name="test_get_order_as_customer" time="0.105" /><testcase classname="backend.tests.backend_test" name="test_orders_unauth" time="0.105" /><testcase classname="backend.tests.backend_test" name="test_checkout_session" time="0.978"><failure message="assert 500 == 200&#10; +  where 500 = &lt;Response [500]&gt;.status_code">backend/tests/backend_test.py:171: in test_checkout_session
    assert s.status_code == 200
E   assert 500 == 200
E    +  where 500 = &lt;Response [500]&gt;.status_code</failure></testcase><testcase classname="backend.tests.backend_test" name="test_vendor_flow" time="0.715" /><testcase classname="backend.tests.backend_test" name="test_delivery_flow" time="0.727" /><testcase classname="backend.tests.backend_test" name="test_admin_endpoints" time="0.680" /><testcase classname="backend.tests.backend_test" name="test_role_guards" time="0.339" /><testcase classname="backend.tests.backend_test" name="test_chat_and_history" time="3.947" /></testsuite></testsuites>