<?xml version="1.0" encoding="utf-8"?><testsuites name="pytest tests"><testsuite name="pytest" errors="0" failures="0" skipped="0" tests="20" time="30.134" timestamp="2026-06-23T02:24:59.940210+00:00" hostname="agent-env-309b85cd-19f3-43b5-b29e-5be2b1d930a4"><testcase classname="backend.tests.backend_test" name="test_health" time="0.195" /><testcase classname="backend.tests.backend_test" name="test_list_restaurants_seeded" time="0.315" /><testcase classname="backend.tests.backend_test" name="test_search_sushi" time="0.241" /><testcase classname="backend.tests.backend_test" name="test_get_restaurant_with_menu" time="0.541" /><testcase classname="backend.tests.backend_test" name="test_auth_me_unauth" time="0.101" /><testcase classname="backend.tests.backend_test" name="test_auth_me_with_token" time="0.867" /><testcase classname="backend.tests.backend_test" name="test_role_switch_to_vendor" time="1.368" /><testcase classname="backend.tests.backend_test" name="test_admin_role_cannot_be_changed" time="0.831" /><testcase classname="backend.tests.backend_test" name="test_order_created_correctly" time="0.978" /><testcase classname="backend.tests.backend_test" name="test_orders_my" time="0.330" /><testcase classname="backend.tests.backend_test" name="test_get_order_as_customer" time="0.261" /><testcase classname="backend.tests.backend_test" name="test_get_order_forbidden_for_other_customer" time="0.987" /><testcase classname="backend.tests.backend_test" name="test_orders_unauth" time="0.108" /><testcase classname="backend.tests.backend_test" name="test_checkout_session" time="2.275" /><testcase classname="backend.tests.backend_test" name="test_vendor_flow" time="2.888" /><testcase classname="backend.tests.backend_test" name="test_delivery_flow" time="3.128" /><testcase classname="backend.tests.backend_test" name="test_admin_endpoints" time="2.373" /><testcase classname="backend.tests.backend_test" name="test_admin_pulse" time="7.016" /><testcase classname="backend.tests.backend_test" name="test_role_guards" time="0.744" /><testcase classname="backend.tests.backend_test" name="test_chat_and_history" time="4.370" /></testsuite></testsuites>